<?xml version="1.0" encoding="UTF-8"?>
<!-- Generated by org.testng.reporters.JUnitReportReporter -->
<testsuite skipped="0" hostname="HIBAIL56180" name="RunnerClass.Runner" tests="1" failures="0" timestamp="08 May 2020 07:12:41 GMT" time="0.345" errors="0">
  <testcase name="runScenario" time="0.345" classname="RunnerClass.Runner"/>
</testsuite> <!-- RunnerClass.Runner -->
